<?xml version="1.0" encoding="UTF-8"?>
<testng-results ignored="0" total="2" passed="2" failed="0" skipped="0">
  <reporter-output>
  </reporter-output>
  <suite started-at="2024-08-04T17:00:36 IST" name="Default suite" finished-at="2024-08-04T17:00:42 IST" duration-ms="5451">
    <groups>
    </groups>
    <test started-at="2024-08-04T17:00:36 IST" name="Default test" finished-at="2024-08-04T17:00:42 IST" duration-ms="5451">
      <class name="Test.Blazetest">
        <test-method is-config="true" signature="setup()[pri:0, instance:Test.Blazetest@409bf450]" started-at="2024-08-04T17:00:36 IST" name="setup" finished-at="2024-08-04T17:00:38 IST" duration-ms="1333" status="PASS">
          <reporter-output>
          </reporter-output>
        </test-method> <!-- setup -->
        <test-method is-config="true" signature="url()[pri:0, instance:Test.Blazetest@409bf450]" started-at="2024-08-04T17:00:38 IST" name="url" finished-at="2024-08-04T17:00:38 IST" duration-ms="588" status="PASS">
          <reporter-output>
          </reporter-output>
        </test-method> <!-- url -->
        <test-method signature="login()[pri:0, instance:Test.Blazetest@409bf450]" started-at="2024-08-04T17:00:38 IST" name="login" finished-at="2024-08-04T17:00:40 IST" duration-ms="2117" status="PASS">
          <reporter-output>
          </reporter-output>
        </test-method> <!-- login -->
        <test-method is-config="true" signature="url()[pri:0, instance:Test.Blazetest@409bf450]" started-at="2024-08-04T17:00:40 IST" name="url" finished-at="2024-08-04T17:00:41 IST" duration-ms="464" status="PASS">
          <reporter-output>
          </reporter-output>
        </test-method> <!-- url -->
        <test-method signature="register()[pri:0, instance:Test.Blazetest@409bf450]" started-at="2024-08-04T17:00:41 IST" name="register" finished-at="2024-08-04T17:00:42 IST" duration-ms="914" status="PASS">
          <reporter-output>
          </reporter-output>
        </test-method> <!-- register -->
      </class> <!-- Test.Blazetest -->
    </test> <!-- Default test -->
  </suite> <!-- Default suite -->
</testng-results>
